<?xml version="1.0" encoding="UTF-8"?>
<!-- Generated by org.testng.reporters.JUnitReportReporter -->
<testsuite hostname="LAPTOP-NLMRCDTF" failures="0" tests="1" name="testcases.TC001" time="12.255" errors="0" timestamp="2020-12-16T12:00:26 IST" skipped="0">
  <testcase classname="testcases.TC001" name="copyTask" time="12.255"/>
  <system-out/>
</testsuite> <!-- testcases.TC001 -->
