<?xml version="1.0" encoding="UTF-8"?>
<!-- Generated by org.testng.reporters.JUnitReportReporter -->
<testsuite skipped="0" hostname="LAPTOP-68LBAKRD" name="testcases.TC_003" tests="1" failures="0" timestamp="2021-05-01T15:45:27 IST" time="0.018" errors="0">
  <testcase name="print" time="0.018" classname="testcases.TC_003"/>
  <system-out/>
</testsuite> <!-- testcases.TC_003 -->
